<?xml version="1.0" encoding="UTF-8"?>
<!-- Generated by org.testng.reporters.JUnitReportReporter -->
<testsuite hostname="LAPTOP-4VVFQ6JD" failures="0" tests="13" name="myTestCasese" time="41.062" errors="0" timestamp="2025-09-07T23:13:33 EET" skipped="9">
  <testcase classname="myTestCasese" name="checkTheHotelTab" time="1.775"/>
  <system-out/>
  <testcase classname="myTestCasese" name="ChecknumberOfPeopleIsCorrect" time="0.604"/>
  <system-out/>
  <testcase classname="myTestCasese" name="checkTheSearchResult" time="36.641"/>
  <system-out/>
  <testcase classname="myTestCasese" name="checkSortingLtoH" time="2.042"/>
  <system-out/>
  <testcase classname="myTestCasese" name="ChecktheDepartureDateisCorrect">
    <skipped/>
  </testcase> <!-- ChecktheDepartureDateisCorrect -->
  <system-out/>
  <testcase classname="myTestCasese" name="checkTheMobileNo">
    <skipped/>
  </testcase> <!-- checkTheMobileNo -->
  <system-out/>
  <testcase classname="myTestCasese" name="checkTheCurrncyisSAR">
    <skipped/>
  </testcase> <!-- checkTheCurrncyisSAR -->
  <system-out/>
  <testcase classname="myTestCasese" name="checkTheLangaueisEn">
    <skipped/>
  </testcase> <!-- checkTheLangaueisEn -->
  <system-out/>
  <testcase classname="myTestCasese" name="checkQitafLogo">
    <skipped/>
  </testcase> <!-- checkQitafLogo -->
  <system-out/>
  <testcase classname="myTestCasese" name="CheckLangisSelectedRandomly2">
    <skipped/>
  </testcase> <!-- CheckLangisSelectedRandomly2 -->
  <system-out/>
  <testcase classname="myTestCasese" name="checkStaysTabnotSelected">
    <skipped/>
  </testcase> <!-- checkStaysTabnotSelected -->
  <system-out/>
  <testcase classname="myTestCasese" name="CheckTheReturnDateisCorrect">
    <skipped/>
  </testcase> <!-- CheckTheReturnDateisCorrect -->
  <system-out/>
  <testcase classname="myTestCasese" name="CheckLangisSelectedRandomly">
    <skipped/>
  </testcase> <!-- CheckLangisSelectedRandomly -->
  <system-out/>
</testsuite> <!-- myTestCasese -->
