<?xml version="1.0" encoding="UTF-8"?>
<!-- Generated by org.testng.reporters.JUnitReportReporter -->
<testsuite hostname="LAPTOP-4VVFQ6JD" failures="0" tests="13" name="myTestCasese" time="39.807" errors="0" timestamp="2025-09-02T01:03:00 EET" skipped="10">
  <testcase classname="myTestCasese" name="checkTheHotelTab" time="1.824"/>
  <system-out/>
  <testcase classname="myTestCasese" name="ChecknumberOfPeopleIsCorrect" time="0.490"/>
  <system-out/>
  <testcase classname="myTestCasese" name="checkTheSearchResult" time="37.493"/>
  <system-out/>
  <testcase classname="myTestCasese" name="ChecktheDepartureDateisCorrect">
    <skipped/>
  </testcase> <!-- ChecktheDepartureDateisCorrect -->
  <system-out/>
  <testcase classname="myTestCasese" name="checkTheMobileNo">
    <skipped/>
  </testcase> <!-- checkTheMobileNo -->
  <system-out/>
  <testcase classname="myTestCasese" name="checkTheCurrncyisSAR">
    <skipped/>
  </testcase> <!-- checkTheCurrncyisSAR -->
  <system-out/>
  <testcase classname="myTestCasese" name="checkTheLangaueisEn">
    <skipped/>
  </testcase> <!-- checkTheLangaueisEn -->
  <system-out/>
  <testcase classname="myTestCasese" name="checkQitafLogo">
    <skipped/>
  </testcase> <!-- checkQitafLogo -->
  <system-out/>
  <testcase classname="myTestCasese" name="CheckLangisSelectedRandomly2">
    <skipped/>
  </testcase> <!-- CheckLangisSelectedRandomly2 -->
  <system-out/>
  <testcase classname="myTestCasese" name="checkSortingLtoH">
    <skipped/>
  </testcase> <!-- checkSortingLtoH -->
  <system-out/>
  <testcase classname="myTestCasese" name="checkStaysTabnotSelected">
    <skipped/>
  </testcase> <!-- checkStaysTabnotSelected -->
  <system-out/>
  <testcase classname="myTestCasese" name="CheckTheReturnDateisCorrect">
    <skipped/>
  </testcase> <!-- CheckTheReturnDateisCorrect -->
  <system-out/>
  <testcase classname="myTestCasese" name="CheckLangisSelectedRandomly">
    <skipped/>
  </testcase> <!-- CheckLangisSelectedRandomly -->
  <system-out/>
</testsuite> <!-- myTestCasese -->
