<?xml version="1.0" encoding="UTF-8"?>
<!-- Generated by org.testng.reporters.JUnitReportReporter -->
<testsuite hostname="LAPTOP-4VVFQ6JD" failures="0" tests="14" name="myTestCasese" time="1.553" errors="0" timestamp="2025-08-19T01:44:59 EET" skipped="9">
  <testcase classname="myTestCasese" name="checkTheHotelTab" time="0.862"/>
  <system-out/>
  <testcase classname="myTestCasese" name="ChecknumberOfPeopleIsCorrect" time="0.299"/>
  <system-out/>
  <testcase classname="myTestCasese" name="ChecknumberOfPeopleIsCorrect" time="0.136"/>
  <system-out/>
  <testcase classname="myTestCasese" name="ChecknumberOfPeopleIsCorrect" time="0.132"/>
  <system-out/>
  <testcase classname="myTestCasese" name="ChecknumberOfPeopleIsCorrect" time="0.124"/>
  <system-out/>
  <testcase classname="myTestCasese" name="ChecktheDepartureDateisCorrect">
    <skipped/>
  </testcase> <!-- ChecktheDepartureDateisCorrect -->
  <system-out/>
  <testcase classname="myTestCasese" name="checkTheMobileNo">
    <skipped/>
  </testcase> <!-- checkTheMobileNo -->
  <system-out/>
  <testcase classname="myTestCasese" name="checkTheCurrncyisSAR">
    <skipped/>
  </testcase> <!-- checkTheCurrncyisSAR -->
  <system-out/>
  <testcase classname="myTestCasese" name="checkTheLangaueisEn">
    <skipped/>
  </testcase> <!-- checkTheLangaueisEn -->
  <system-out/>
  <testcase classname="myTestCasese" name="checkQitafLogo">
    <skipped/>
  </testcase> <!-- checkQitafLogo -->
  <system-out/>
  <testcase classname="myTestCasese" name="CheckLangisSelectedRandomly2">
    <skipped/>
  </testcase> <!-- CheckLangisSelectedRandomly2 -->
  <system-out/>
  <testcase classname="myTestCasese" name="checkStaysTabnotSelected">
    <skipped/>
  </testcase> <!-- checkStaysTabnotSelected -->
  <system-out/>
  <testcase classname="myTestCasese" name="CheckTheReturnDateisCorrect">
    <skipped/>
  </testcase> <!-- CheckTheReturnDateisCorrect -->
  <system-out/>
  <testcase classname="myTestCasese" name="CheckLangisSelectedRandomly">
    <skipped/>
  </testcase> <!-- CheckLangisSelectedRandomly -->
  <system-out/>
</testsuite> <!-- myTestCasese -->
