<?xml version="1.0" encoding="UTF-8"?>
<!-- Generated by org.testng.reporters.JUnitReportReporter -->
<testsuite hostname="LAPTOP-4VVFQ6JD" failures="0" tests="15" name="myTestCasese" time="3.776" errors="0" timestamp="2025-08-11T02:01:41 EET" skipped="9">
  <testcase classname="myTestCasese" name="checkTheHotelTab" time="0.583"/>
  <system-out/>
  <testcase classname="myTestCasese" name="checkTheHotelTab" time="0.580"/>
  <system-out/>
  <testcase classname="myTestCasese" name="checkTheHotelTab" time="0.607"/>
  <system-out/>
  <testcase classname="myTestCasese" name="checkTheHotelTab" time="0.576"/>
  <system-out/>
  <testcase classname="myTestCasese" name="checkTheHotelTab" time="0.853"/>
  <system-out/>
  <testcase classname="myTestCasese" name="checkTheHotelTab" time="0.577"/>
  <system-out/>
  <testcase classname="myTestCasese" name="ChecktheDepartureDateisCorrect">
    <skipped/>
  </testcase> <!-- ChecktheDepartureDateisCorrect -->
  <system-out/>
  <testcase classname="myTestCasese" name="checkTheMobileNo">
    <skipped/>
  </testcase> <!-- checkTheMobileNo -->
  <system-out/>
  <testcase classname="myTestCasese" name="checkTheCurrncyisSAR">
    <skipped/>
  </testcase> <!-- checkTheCurrncyisSAR -->
  <system-out/>
  <testcase classname="myTestCasese" name="checkTheLangaueisEn">
    <skipped/>
  </testcase> <!-- checkTheLangaueisEn -->
  <system-out/>
  <testcase classname="myTestCasese" name="checkQitafLogo">
    <skipped/>
  </testcase> <!-- checkQitafLogo -->
  <system-out/>
  <testcase classname="myTestCasese" name="CheckLangisSelectedRandomly2">
    <skipped/>
  </testcase> <!-- CheckLangisSelectedRandomly2 -->
  <system-out/>
  <testcase classname="myTestCasese" name="checkStaysTabnotSelected">
    <skipped/>
  </testcase> <!-- checkStaysTabnotSelected -->
  <system-out/>
  <testcase classname="myTestCasese" name="CheckTheReturnDateisCorrect">
    <skipped/>
  </testcase> <!-- CheckTheReturnDateisCorrect -->
  <system-out/>
  <testcase classname="myTestCasese" name="CheckLangisSelectedRandomly">
    <skipped/>
  </testcase> <!-- CheckLangisSelectedRandomly -->
  <system-out/>
</testsuite> <!-- myTestCasese -->
