<?xml version="1.0" encoding="UTF-8"?>
<!-- Generated by org.testng.reporters.JUnitReportReporter -->
<testsuite hostname="LAPTOP-4VVFQ6JD" failures="0" tests="3" name="myTestCasese" time="0.123" errors="0" timestamp="2025-07-31T01:30:58 EET" skipped="0">
  <testcase classname="myTestCasese" name="checkTheMobileNo" time="0.029"/>
  <system-out/>
  <testcase classname="myTestCasese" name="checkTheLangaueisEn" time="0.051"/>
  <system-out/>
  <testcase classname="myTestCasese" name="checkTheCurrncyisSAR" time="0.043"/>
  <system-out/>
</testsuite> <!-- myTestCasese -->
