<?xml version="1.0" encoding="UTF-8"?>
<!-- Generated by org.testng.reporters.JUnitReportReporter -->
<testsuite hostname="LAPTOP-4VVFQ6JD" failures="0" tests="4" name="myTestCasese" time="0.180" errors="0" timestamp="2025-08-01T01:22:52 EET" skipped="0">
  <testcase classname="myTestCasese" name="checkQitafLogo" time="0.075"/>
  <system-out/>
  <testcase classname="myTestCasese" name="checkTheCurrncyisSAR" time="0.038"/>
  <system-out/>
  <testcase classname="myTestCasese" name="checkTheMobileNo" time="0.032"/>
  <system-out/>
  <testcase classname="myTestCasese" name="checkTheLangaueisEn" time="0.035"/>
  <system-out/>
</testsuite> <!-- myTestCasese -->
