<?xml version="1.0" encoding="UTF-8"?>
<!-- Generated by org.testng.reporters.JUnitReportReporter -->
<testsuite hostname="LAPTOP-4VVFQ6JD" failures="0" tests="7" name="myTestCasese" time="0.096" errors="0" timestamp="2025-08-04T01:02:30 EET" skipped="5">
  <testcase classname="myTestCasese" name="checkDepartureDate" time="0.070"/>
  <system-out/>
  <testcase classname="myTestCasese" name="checkReturneDate" time="0.026"/>
  <system-out/>
  <testcase classname="myTestCasese" name="checkTheMobileNo">
    <skipped/>
  </testcase> <!-- checkTheMobileNo -->
  <system-out/>
  <testcase classname="myTestCasese" name="checkTheCurrncyisSAR">
    <skipped/>
  </testcase> <!-- checkTheCurrncyisSAR -->
  <system-out/>
  <testcase classname="myTestCasese" name="checkTheLangaueisEn">
    <skipped/>
  </testcase> <!-- checkTheLangaueisEn -->
  <system-out/>
  <testcase classname="myTestCasese" name="checkQitafLogo">
    <skipped/>
  </testcase> <!-- checkQitafLogo -->
  <system-out/>
  <testcase classname="myTestCasese" name="checkStaysTabnotSelected">
    <skipped/>
  </testcase> <!-- checkStaysTabnotSelected -->
  <system-out/>
</testsuite> <!-- myTestCasese -->
