<?xml version="1.0" encoding="UTF-8"?>
<!-- Generated by org.testng.reporters.JUnitReportReporter -->
<testsuite hostname="LAPTOP-4VVFQ6JD" failures="0" tests="12" name="myTestCasese" time="2.219" errors="0" timestamp="2025-08-07T01:50:59 EET" skipped="7">
  <testcase classname="myTestCasese" name="CheckLangisSelectedRandomly" time="0.401"/>
  <system-out/>
  <testcase classname="myTestCasese" name="CheckLangisSelectedRandomly" time="0.399"/>
  <system-out/>
  <testcase classname="myTestCasese" name="CheckLangisSelectedRandomly" time="0.545"/>
  <system-out/>
  <testcase classname="myTestCasese" name="CheckLangisSelectedRandomly" time="0.473"/>
  <system-out/>
  <testcase classname="myTestCasese" name="CheckLangisSelectedRandomly" time="0.401"/>
  <system-out/>
  <testcase classname="myTestCasese" name="ChecktheDepartureDateisCorrect">
    <skipped/>
  </testcase> <!-- ChecktheDepartureDateisCorrect -->
  <system-out/>
  <testcase classname="myTestCasese" name="checkTheMobileNo">
    <skipped/>
  </testcase> <!-- checkTheMobileNo -->
  <system-out/>
  <testcase classname="myTestCasese" name="checkTheCurrncyisSAR">
    <skipped/>
  </testcase> <!-- checkTheCurrncyisSAR -->
  <system-out/>
  <testcase classname="myTestCasese" name="checkTheLangaueisEn">
    <skipped/>
  </testcase> <!-- checkTheLangaueisEn -->
  <system-out/>
  <testcase classname="myTestCasese" name="checkQitafLogo">
    <skipped/>
  </testcase> <!-- checkQitafLogo -->
  <system-out/>
  <testcase classname="myTestCasese" name="checkStaysTabnotSelected">
    <skipped/>
  </testcase> <!-- checkStaysTabnotSelected -->
  <system-out/>
  <testcase classname="myTestCasese" name="CheckTheReturnDateisCorrect">
    <skipped/>
  </testcase> <!-- CheckTheReturnDateisCorrect -->
  <system-out/>
</testsuite> <!-- myTestCasese -->
