<?xml version="1.0" encoding="UTF-8"?>
<!-- Generated by org.testng.reporters.JUnitReportReporter -->
<testsuite hostname="LAPTOP-4VVFQ6JD" failures="0" tests="1" name="Login" time="0.052" errors="0" timestamp="2025-07-28T01:59:24 EET" skipped="0">
  <testcase classname="Login" name="checkTheLangaueisEn" time="0.052"/>
  <system-out/>
</testsuite> <!-- Login -->
