<?xml version="1.0" encoding="UTF-8"?>
<!-- Generated by org.testng.reporters.JUnitReportReporter -->
<testsuite hostname="LAPTOP-4VVFQ6JD" failures="0" tests="9" name="myTestCasese" time="0.088" errors="0" timestamp="2025-08-05T02:18:04 EET" skipped="7">
  <testcase classname="myTestCasese" name="ChecktheDepartureDateisCorrect" time="0.064"/>
  <system-out/>
  <testcase classname="myTestCasese" name="CheckTheReturnDateisCorrect" time="0.024"/>
  <system-out/>
  <testcase classname="myTestCasese" name="checkTheMobileNo">
    <skipped/>
  </testcase> <!-- checkTheMobileNo -->
  <system-out/>
  <testcase classname="myTestCasese" name="checkTheCurrncyisSAR">
    <skipped/>
  </testcase> <!-- checkTheCurrncyisSAR -->
  <system-out/>
  <testcase classname="myTestCasese" name="checkReturneDate">
    <skipped/>
  </testcase> <!-- checkReturneDate -->
  <system-out/>
  <testcase classname="myTestCasese" name="checkTheLangaueisEn">
    <skipped/>
  </testcase> <!-- checkTheLangaueisEn -->
  <system-out/>
  <testcase classname="myTestCasese" name="checkQitafLogo">
    <skipped/>
  </testcase> <!-- checkQitafLogo -->
  <system-out/>
  <testcase classname="myTestCasese" name="checkDepartureDate">
    <skipped/>
  </testcase> <!-- checkDepartureDate -->
  <system-out/>
  <testcase classname="myTestCasese" name="checkStaysTabnotSelected">
    <skipped/>
  </testcase> <!-- checkStaysTabnotSelected -->
  <system-out/>
</testsuite> <!-- myTestCasese -->
